<?xml version="1.0" encoding="UTF-8"?>
<testng-results ignored="0" total="1" passed="1" failed="0" skipped="0">
  <reporter-output>
  </reporter-output>
  <suite started-at="2022-08-06T17:32:58 AST" name="Default suite" finished-at="2022-08-06T17:33:20 AST" duration-ms="21653">
    <groups>
    </groups>
    <test started-at="2022-08-06T17:32:58 AST" name="Default test" finished-at="2022-08-06T17:33:20 AST" duration-ms="21653">
      <class name="ass3W9D5.ChromWhebDriverAss3W9D5">
        <test-method is-config="true" signature="setUp()[pri:0, instance:ass3W9D5.ChromWhebDriverAss3W9D5@7880cdf3]" started-at="2022-08-06T17:32:58 AST" name="setUp" finished-at="2022-08-06T17:33:06 AST" duration-ms="7356" status="PASS">
          <reporter-output>
          </reporter-output>
        </test-method> <!-- setUp -->
        <test-method signature="LearnEnglishWebSite()[pri:0, instance:ass3W9D5.ChromWhebDriverAss3W9D5@7880cdf3]" started-at="2022-08-06T17:33:06 AST" name="LearnEnglishWebSite" finished-at="2022-08-06T17:33:15 AST" duration-ms="9873" status="PASS">
          <reporter-output>
          </reporter-output>
        </test-method> <!-- LearnEnglishWebSite -->
        <test-method is-config="true" signature="terminateBrowser()[pri:0, instance:ass3W9D5.ChromWhebDriverAss3W9D5@7880cdf3]" started-at="2022-08-06T17:33:15 AST" name="terminateBrowser" finished-at="2022-08-06T17:33:20 AST" duration-ms="4389" status="PASS">
          <reporter-output>
          </reporter-output>
        </test-method> <!-- terminateBrowser -->
      </class> <!-- ass3W9D5.ChromWhebDriverAss3W9D5 -->
    </test> <!-- Default test -->
  </suite> <!-- Default suite -->
</testng-results>
